[2025-09-02T10:44:43.908+0000] {taskinstance.py:1956} INFO - Dependencies all met for dep_context=non-requeueable deps ti=<TaskInstance: ml_pipeline.data_ingestion manual__2025-09-02T10:44:42.577766+00:00 [queued]>
[2025-09-02T10:44:43.938+0000] {taskinstance.py:1956} INFO - Dependencies all met for dep_context=requeueable deps ti=<TaskInstance: ml_pipeline.data_ingestion manual__2025-09-02T10:44:42.577766+00:00 [queued]>
[2025-09-02T10:44:43.940+0000] {taskinstance.py:2170} INFO - Starting attempt 1 of 2
[2025-09-02T10:44:43.992+0000] {taskinstance.py:2191} INFO - Executing <Task(PythonOperator): data_ingestion> on 2025-09-02 10:44:42.577766+00:00
[2025-09-02T10:44:44.002+0000] {standard_task_runner.py:60} INFO - Started process 785 to run task
[2025-09-02T10:44:44.014+0000] {standard_task_runner.py:87} INFO - Running: ['***', 'tasks', 'run', 'ml_pipeline', 'data_ingestion', 'manual__2025-09-02T10:44:42.577766+00:00', '--job-id', '199', '--raw', '--subdir', 'DAGS_FOLDER/ml_pipeline.py', '--cfg-path', '/tmp/tmp_300ytdp']
[2025-09-02T10:44:44.021+0000] {standard_task_runner.py:88} INFO - Job 199: Subtask data_ingestion
[2025-09-02T10:44:44.208+0000] {task_command.py:423} INFO - Running <TaskInstance: ml_pipeline.data_ingestion manual__2025-09-02T10:44:42.577766+00:00 [running]> on host c15796541fb2
[2025-09-02T10:44:44.440+0000] {taskinstance.py:2480} INFO - Exporting env vars: AIRFLOW_CTX_DAG_OWNER='sarah' AIRFLOW_CTX_DAG_ID='ml_pipeline' AIRFLOW_CTX_TASK_ID='data_ingestion' AIRFLOW_CTX_EXECUTION_DATE='2025-09-02T10:44:42.577766+00:00' AIRFLOW_CTX_TRY_NUMBER='1' AIRFLOW_CTX_DAG_RUN_ID='manual__2025-09-02T10:44:42.577766+00:00'
[2025-09-02T10:44:52.880+0000] {logging_mixin.py:188} INFO - STDOUT:
[2025-09-02T10:44:52.881+0000] {logging_mixin.py:188} INFO -  
[2025-09-02T10:44:52.882+0000] {logging_mixin.py:188} INFO - STDERR:
[2025-09-02T10:44:52.883+0000] {logging_mixin.py:188} INFO -  2025-09-02 10:44:46,170 - ingestion.utils.common - INFO - YAML chargé : /opt/***/project/config/config.yaml
2025-09-02 10:44:46,180 - ingestion.utils.common - INFO - YAML chargé : /opt/***/project/config/params.yaml
2025-09-02 10:44:46,182 - ingestion.utils.common - INFO - Répertoire créé ou existant : data
2025-09-02 10:44:46,185 - ingestion.utils.common - INFO - Répertoire créé ou existant : data/raw
2025-09-02 10:44:46,892 - __main__ - INFO - CSV lu localement : data/ingestion/donnees_synthetiques.csv
2025-09-02 10:44:46,893 - __main__ - INFO - Validation du schéma réussie.
2025-09-02 10:44:51,249 - ingestion.repository.repository - INFO - Persistance CSV effectuée → data/raw/ingested_data.csv
2025-09-02 10:44:52,713 - __main__ - INFO - Fichier ingéré (CSV) sauvegardé : data/raw/ingested_data.csv (MD5=45b08e97bd4999fecedda7b95bca5564)
2025-09-02 10:44:52,722 - __main__ - INFO - Pushed metrics to Pushgateway (http://pushgateway:9091) status=1 duration_s=6.550 rows=108060 out_bytes=25352322
[2025-09-02T10:44:52.884+0000] {python.py:201} INFO - Done. Returned value was: None
[2025-09-02T10:44:52.898+0000] {taskinstance.py:1138} INFO - Marking task as SUCCESS. dag_id=ml_pipeline, task_id=data_ingestion, execution_date=20250902T104442, start_date=20250902T104443, end_date=20250902T104452
[2025-09-02T10:44:52.948+0000] {local_task_job_runner.py:234} INFO - Task exited with return code 0
[2025-09-02T10:44:52.989+0000] {taskinstance.py:3280} INFO - 1 downstream tasks scheduled from follow-on schedule check
