[2025-08-11T06:39:03.814+0000] {taskinstance.py:1956} INFO - Dependencies all met for dep_context=non-requeueable deps ti=<TaskInstance: train_with_dvc.dvc_pull manual__2025-08-11T06:39:03.125434+00:00 [queued]>
[2025-08-11T06:39:03.833+0000] {taskinstance.py:1956} INFO - Dependencies all met for dep_context=requeueable deps ti=<TaskInstance: train_with_dvc.dvc_pull manual__2025-08-11T06:39:03.125434+00:00 [queued]>
[2025-08-11T06:39:03.834+0000] {taskinstance.py:2170} INFO - Starting attempt 1 of 1
[2025-08-11T06:39:03.875+0000] {taskinstance.py:2191} INFO - Executing <Task(BashOperator): dvc_pull> on 2025-08-11 06:39:03.125434+00:00
[2025-08-11T06:39:03.882+0000] {standard_task_runner.py:60} INFO - Started process 195 to run task
[2025-08-11T06:39:03.888+0000] {standard_task_runner.py:87} INFO - Running: ['***', 'tasks', 'run', 'train_with_dvc', 'dvc_pull', 'manual__2025-08-11T06:39:03.125434+00:00', '--job-id', '86', '--raw', '--subdir', 'DAGS_FOLDER/train_with_dvc.py', '--cfg-path', '/tmp/tmp6zfndr5l']
[2025-08-11T06:39:03.893+0000] {standard_task_runner.py:88} INFO - Job 86: Subtask dvc_pull
[2025-08-11T06:39:04.011+0000] {task_command.py:423} INFO - Running <TaskInstance: train_with_dvc.dvc_pull manual__2025-08-11T06:39:03.125434+00:00 [running]> on host e26ba4e4e647
[2025-08-11T06:39:04.212+0000] {taskinstance.py:2480} INFO - Exporting env vars: AIRFLOW_CTX_DAG_OWNER='***' AIRFLOW_CTX_DAG_ID='train_with_dvc' AIRFLOW_CTX_TASK_ID='dvc_pull' AIRFLOW_CTX_EXECUTION_DATE='2025-08-11T06:39:03.125434+00:00' AIRFLOW_CTX_TRY_NUMBER='1' AIRFLOW_CTX_DAG_RUN_ID='manual__2025-08-11T06:39:03.125434+00:00'
[2025-08-11T06:39:04.214+0000] {subprocess.py:63} INFO - Tmp dir root location: /tmp
[2025-08-11T06:39:04.220+0000] {subprocess.py:75} INFO - Running command: ['/usr/bin/bash', '-c', 'cd /opt/***/project && dvc pull']
[2025-08-11T06:39:04.239+0000] {subprocess.py:86} INFO - Output:
[2025-08-11T06:39:11.595+0000] {subprocess.py:93} INFO - ERROR: failed to pull data from the cloud - Can't remove the following unsaved files without confirmation. Use `--force` to force.
[2025-08-11T06:39:11.596+0000] {subprocess.py:93} INFO - /opt/***/project/models/xgb_model.pkl
[2025-08-11T06:39:11.597+0000] {subprocess.py:93} INFO - /opt/***/project/data/processed/clean_data.csv
[2025-08-11T06:39:11.974+0000] {subprocess.py:97} INFO - Command exited with return code 1
[2025-08-11T06:39:11.988+0000] {taskinstance.py:2698} ERROR - Task failed with exception
Traceback (most recent call last):
  File "/home/airflow/.local/lib/python3.10/site-packages/airflow/models/taskinstance.py", line 433, in _execute_task
    result = execute_callable(context=context, **execute_callable_kwargs)
  File "/home/airflow/.local/lib/python3.10/site-packages/airflow/operators/bash.py", line 212, in execute
    raise AirflowException(
airflow.exceptions.AirflowException: Bash command failed. The command returned a non-zero exit code 1.
[2025-08-11T06:39:11.992+0000] {taskinstance.py:1138} INFO - Marking task as FAILED. dag_id=train_with_dvc, task_id=dvc_pull, execution_date=20250811T063903, start_date=20250811T063903, end_date=20250811T063911
[2025-08-11T06:39:12.012+0000] {standard_task_runner.py:107} ERROR - Failed to execute job 86 for task dvc_pull (Bash command failed. The command returned a non-zero exit code 1.; 195)
[2025-08-11T06:39:12.057+0000] {local_task_job_runner.py:234} INFO - Task exited with return code 1
[2025-08-11T06:39:12.081+0000] {taskinstance.py:3280} INFO - 0 downstream tasks scheduled from follow-on schedule check
