[2025-08-05T14:49:35.249+0000] {taskinstance.py:1956} INFO - Dependencies all met for dep_context=non-requeueable deps ti=<TaskInstance: ml_pipeline.data_preprocessing manual__2025-08-05T14:44:24.621411+00:00 [queued]>
[2025-08-05T14:49:35.259+0000] {taskinstance.py:1956} INFO - Dependencies all met for dep_context=requeueable deps ti=<TaskInstance: ml_pipeline.data_preprocessing manual__2025-08-05T14:44:24.621411+00:00 [queued]>
[2025-08-05T14:49:35.260+0000] {taskinstance.py:2170} INFO - Starting attempt 2 of 2
[2025-08-05T14:49:35.281+0000] {taskinstance.py:2191} INFO - Executing <Task(PythonOperator): data_preprocessing> on 2025-08-05 14:44:24.621411+00:00
[2025-08-05T14:49:35.290+0000] {standard_task_runner.py:60} INFO - Started process 282 to run task
[2025-08-05T14:49:35.298+0000] {standard_task_runner.py:87} INFO - Running: ['***', 'tasks', 'run', 'ml_pipeline', 'data_preprocessing', 'manual__2025-08-05T14:44:24.621411+00:00', '--job-id', '12', '--raw', '--subdir', 'DAGS_FOLDER/ml_pipeline.py', '--cfg-path', '/tmp/tmpwal4hq0y']
[2025-08-05T14:49:35.303+0000] {standard_task_runner.py:88} INFO - Job 12: Subtask data_preprocessing
[2025-08-05T14:49:35.415+0000] {task_command.py:423} INFO - Running <TaskInstance: ml_pipeline.data_preprocessing manual__2025-08-05T14:44:24.621411+00:00 [running]> on host f0f20e28ca3c
[2025-08-05T14:49:35.536+0000] {taskinstance.py:2480} INFO - Exporting env vars: AIRFLOW_CTX_DAG_OWNER='sarah' AIRFLOW_CTX_DAG_ID='ml_pipeline' AIRFLOW_CTX_TASK_ID='data_preprocessing' AIRFLOW_CTX_EXECUTION_DATE='2025-08-05T14:44:24.621411+00:00' AIRFLOW_CTX_TRY_NUMBER='2' AIRFLOW_CTX_DAG_RUN_ID='manual__2025-08-05T14:44:24.621411+00:00'
[2025-08-05T14:49:36.588+0000] {taskinstance.py:2698} ERROR - Task failed with exception
Traceback (most recent call last):
  File "/home/airflow/.local/lib/python3.8/site-packages/airflow/models/taskinstance.py", line 433, in _execute_task
    result = execute_callable(context=context, **execute_callable_kwargs)
  File "/home/airflow/.local/lib/python3.8/site-packages/airflow/operators/python.py", line 199, in execute
    return_value = self.execute_callable()
  File "/home/airflow/.local/lib/python3.8/site-packages/airflow/operators/python.py", line 216, in execute_callable
    return self.python_callable(*self.op_args, **self.op_kwargs)
  File "/opt/airflow/dags/ml_pipeline.py", line 26, in run_preprocessing
    subprocess.run(
  File "/usr/local/lib/python3.8/subprocess.py", line 516, in run
    raise CalledProcessError(retcode, process.args,
subprocess.CalledProcessError: Command '['python', '-m', 'preprocessing.components.preprocess', '--config', '/opt/airflow/project/config/config.yaml', '--params', '/opt/airflow/project/config/params.yaml']' returned non-zero exit status 1.
[2025-08-05T14:49:36.609+0000] {taskinstance.py:1138} INFO - Marking task as FAILED. dag_id=ml_pipeline, task_id=data_preprocessing, execution_date=20250805T144424, start_date=20250805T144935, end_date=20250805T144936
[2025-08-05T14:49:36.633+0000] {standard_task_runner.py:107} ERROR - Failed to execute job 12 for task data_preprocessing (Command '['python', '-m', 'preprocessing.components.preprocess', '--config', '/opt/airflow/project/config/config.yaml', '--params', '/opt/airflow/project/config/params.yaml']' returned non-zero exit status 1.; 282)
[2025-08-05T14:49:36.674+0000] {local_task_job_runner.py:234} INFO - Task exited with return code 1
[2025-08-05T14:49:36.703+0000] {taskinstance.py:3280} INFO - 0 downstream tasks scheduled from follow-on schedule check
