[2025-08-10T15:08:45.621+0000] {taskinstance.py:1956} INFO - Dependencies all met for dep_context=non-requeueable deps ti=<TaskInstance: train_with_dvc.dvc_pull manual__2025-08-10T15:08:44.421402+00:00 [queued]>
[2025-08-10T15:08:45.640+0000] {taskinstance.py:1956} INFO - Dependencies all met for dep_context=requeueable deps ti=<TaskInstance: train_with_dvc.dvc_pull manual__2025-08-10T15:08:44.421402+00:00 [queued]>
[2025-08-10T15:08:45.641+0000] {taskinstance.py:2170} INFO - Starting attempt 1 of 1
[2025-08-10T15:08:45.661+0000] {taskinstance.py:2191} INFO - Executing <Task(BashOperator): dvc_pull> on 2025-08-10 15:08:44.421402+00:00
[2025-08-10T15:08:45.667+0000] {standard_task_runner.py:60} INFO - Started process 185 to run task
[2025-08-10T15:08:45.682+0000] {standard_task_runner.py:87} INFO - Running: ['***', 'tasks', 'run', 'train_with_dvc', 'dvc_pull', 'manual__2025-08-10T15:08:44.421402+00:00', '--job-id', '77', '--raw', '--subdir', 'DAGS_FOLDER/train_with_dvc.py', '--cfg-path', '/tmp/tmpix093jd3']
[2025-08-10T15:08:45.697+0000] {standard_task_runner.py:88} INFO - Job 77: Subtask dvc_pull
[2025-08-10T15:08:45.806+0000] {task_command.py:423} INFO - Running <TaskInstance: train_with_dvc.dvc_pull manual__2025-08-10T15:08:44.421402+00:00 [running]> on host 260dcf367a78
[2025-08-10T15:08:45.914+0000] {taskinstance.py:2480} INFO - Exporting env vars: AIRFLOW_CTX_DAG_OWNER='***' AIRFLOW_CTX_DAG_ID='train_with_dvc' AIRFLOW_CTX_TASK_ID='dvc_pull' AIRFLOW_CTX_EXECUTION_DATE='2025-08-10T15:08:44.421402+00:00' AIRFLOW_CTX_TRY_NUMBER='1' AIRFLOW_CTX_DAG_RUN_ID='manual__2025-08-10T15:08:44.421402+00:00'
[2025-08-10T15:08:45.915+0000] {subprocess.py:63} INFO - Tmp dir root location: /tmp
[2025-08-10T15:08:45.917+0000] {subprocess.py:75} INFO - Running command: ['/usr/bin/bash', '-c', 'cd /opt/***/project && dvc pull']
[2025-08-10T15:08:45.932+0000] {subprocess.py:86} INFO - Output:
[2025-08-10T15:08:52.883+0000] {subprocess.py:93} INFO - M       evaluation/scores.json
[2025-08-10T15:08:52.884+0000] {subprocess.py:93} INFO - M       models/xgb_model.pkl
[2025-08-10T15:08:52.885+0000] {subprocess.py:93} INFO - M       data/processed/clean_data.csv
[2025-08-10T15:08:52.885+0000] {subprocess.py:93} INFO - M       data/raw/ingested_data.csv
[2025-08-10T15:08:52.894+0000] {subprocess.py:93} INFO - 4 files modified
[2025-08-10T15:08:53.310+0000] {subprocess.py:97} INFO - Command exited with return code 0
[2025-08-10T15:08:53.343+0000] {taskinstance.py:1138} INFO - Marking task as SUCCESS. dag_id=train_with_dvc, task_id=dvc_pull, execution_date=20250810T150844, start_date=20250810T150845, end_date=20250810T150853
[2025-08-10T15:08:53.383+0000] {local_task_job_runner.py:234} INFO - Task exited with return code 0
[2025-08-10T15:08:53.407+0000] {taskinstance.py:3280} INFO - 1 downstream tasks scheduled from follow-on schedule check
