[2025-09-07T17:44:27.379+0000] {taskinstance.py:1956} INFO - Dependencies all met for dep_context=non-requeueable deps ti=<TaskInstance: ml_pipeline.data_preprocessing manual__2025-09-07T17:44:14.008911+00:00 [queued]>
[2025-09-07T17:44:27.394+0000] {taskinstance.py:1956} INFO - Dependencies all met for dep_context=requeueable deps ti=<TaskInstance: ml_pipeline.data_preprocessing manual__2025-09-07T17:44:14.008911+00:00 [queued]>
[2025-09-07T17:44:27.395+0000] {taskinstance.py:2170} INFO - Starting attempt 1 of 2
[2025-09-07T17:44:27.432+0000] {taskinstance.py:2191} INFO - Executing <Task(PythonOperator): data_preprocessing> on 2025-09-07 17:44:14.008911+00:00
[2025-09-07T17:44:27.444+0000] {standard_task_runner.py:60} INFO - Started process 4631 to run task
[2025-09-07T17:44:27.451+0000] {standard_task_runner.py:87} INFO - Running: ['***', 'tasks', 'run', 'ml_pipeline', 'data_preprocessing', 'manual__2025-09-07T17:44:14.008911+00:00', '--job-id', '214', '--raw', '--subdir', 'DAGS_FOLDER/ml_pipeline.py', '--cfg-path', '/tmp/tmp34ic39qj']
[2025-09-07T17:44:27.456+0000] {standard_task_runner.py:88} INFO - Job 214: Subtask data_preprocessing
[2025-09-07T17:44:27.564+0000] {task_command.py:423} INFO - Running <TaskInstance: ml_pipeline.data_preprocessing manual__2025-09-07T17:44:14.008911+00:00 [running]> on host c1a35c3f3bc1
[2025-09-07T17:44:27.721+0000] {taskinstance.py:2480} INFO - Exporting env vars: AIRFLOW_CTX_DAG_OWNER='sarah' AIRFLOW_CTX_DAG_ID='ml_pipeline' AIRFLOW_CTX_TASK_ID='data_preprocessing' AIRFLOW_CTX_EXECUTION_DATE='2025-09-07T17:44:14.008911+00:00' AIRFLOW_CTX_TRY_NUMBER='1' AIRFLOW_CTX_DAG_RUN_ID='manual__2025-09-07T17:44:14.008911+00:00'
[2025-09-07T17:44:34.335+0000] {logging_mixin.py:188} INFO - STDOUT:
[2025-09-07T17:44:34.336+0000] {logging_mixin.py:188} INFO -  
[2025-09-07T17:44:34.336+0000] {logging_mixin.py:188} INFO - STDERR:
[2025-09-07T17:44:34.337+0000] {logging_mixin.py:188} INFO -  2025-09-07 17:44:29,420 - preprocessing.utils.common - INFO - YAML chargé : /opt/***/project/config/config.yaml
2025-09-07 17:44:29,443 - preprocessing.utils.common - INFO - YAML chargé : /opt/***/project/config/params.yaml
2025-09-07 17:44:29,449 - preprocessing.utils.common - INFO - Répertoire créé ou existant : /opt/***/project/data/processed
2025-09-07 17:44:29,449 - preprocessing.utils.common - INFO - Répertoire créé ou existant : /opt/***/project/data/processed
2025-09-07 17:44:30,269 - __main__ - INFO - Charged raw data: /opt/***/project/data/raw/ingested_data.csv (shape=(108060, 20))
2025-09-07 17:44:30,415 - __main__ - INFO - Columns kept: ['SKU', 'PrixInitial', 'Prix', 'Timestamp', 'AgeProduitEnJours', 'QuantiteVendue', 'UtiliteProduit', 'ElasticitePrix', 'Remise', 'Qualite', 'Mois_sin', 'Mois_cos', 'Heure_sin', 'Heure_cos'] (rows=108060)
2025-09-07 17:44:34,179 - preprocessing.repository.repository - INFO - Persistance CSV nettoyé → /opt/***/project/data/processed/clean_data.csv
2025-09-07 17:44:34,179 - __main__ - INFO - Saved cleaned data to: /opt/***/project/data/processed/clean_data.csv
2025-09-07 17:44:34,188 - __main__ - INFO - Pushed metrics to Pushgateway (http://pushgateway:9091) status=1 duration_s=4.785 rows=108060
[2025-09-07T17:44:34.338+0000] {python.py:201} INFO - Done. Returned value was: None
[2025-09-07T17:44:34.354+0000] {taskinstance.py:1138} INFO - Marking task as SUCCESS. dag_id=ml_pipeline, task_id=data_preprocessing, execution_date=20250907T174414, start_date=20250907T174427, end_date=20250907T174434
[2025-09-07T17:44:34.405+0000] {local_task_job_runner.py:234} INFO - Task exited with return code 0
[2025-09-07T17:44:34.463+0000] {taskinstance.py:3280} INFO - 1 downstream tasks scheduled from follow-on schedule check
