[2025-08-17T14:24:38.497+0000] {taskinstance.py:1956} INFO - Dependencies all met for dep_context=non-requeueable deps ti=<TaskInstance: ml_pipeline.evidently_batch manual__2025-08-17T14:23:34.939133+00:00 [queued]>
[2025-08-17T14:24:38.508+0000] {taskinstance.py:1956} INFO - Dependencies all met for dep_context=requeueable deps ti=<TaskInstance: ml_pipeline.evidently_batch manual__2025-08-17T14:23:34.939133+00:00 [queued]>
[2025-08-17T14:24:38.535+0000] {taskinstance.py:2170} INFO - Starting attempt 1 of 2
[2025-08-17T14:24:38.560+0000] {taskinstance.py:2191} INFO - Executing <Task(PythonOperator): evidently_batch> on 2025-08-17 14:23:34.939133+00:00
[2025-08-17T14:24:38.573+0000] {standard_task_runner.py:60} INFO - Started process 1716 to run task
[2025-08-17T14:24:38.579+0000] {standard_task_runner.py:87} INFO - Running: ['***', 'tasks', 'run', 'ml_pipeline', 'evidently_batch', 'manual__2025-08-17T14:23:34.939133+00:00', '--job-id', '143', '--raw', '--subdir', 'DAGS_FOLDER/ml_pipeline.py', '--cfg-path', '/tmp/tmp8pbcv3uo']
[2025-08-17T14:24:38.582+0000] {standard_task_runner.py:88} INFO - Job 143: Subtask evidently_batch
[2025-08-17T14:24:38.663+0000] {task_command.py:423} INFO - Running <TaskInstance: ml_pipeline.evidently_batch manual__2025-08-17T14:23:34.939133+00:00 [running]> on host e9fdf47702ac
[2025-08-17T14:24:38.773+0000] {taskinstance.py:2480} INFO - Exporting env vars: AIRFLOW_CTX_DAG_OWNER='sarah' AIRFLOW_CTX_DAG_ID='ml_pipeline' AIRFLOW_CTX_TASK_ID='evidently_batch' AIRFLOW_CTX_EXECUTION_DATE='2025-08-17T14:23:34.939133+00:00' AIRFLOW_CTX_TRY_NUMBER='1' AIRFLOW_CTX_DAG_RUN_ID='manual__2025-08-17T14:23:34.939133+00:00'
[2025-08-17T14:24:57.122+0000] {logging_mixin.py:188} INFO - STDOUT:
[2025-08-17T14:24:57.123+0000] {logging_mixin.py:188} INFO -  
[2025-08-17T14:24:57.124+0000] {logging_mixin.py:188} INFO - STDERR:
[2025-08-17T14:24:57.124+0000] {logging_mixin.py:188} INFO -  2025-08-17 14:24:44,715 - INFO - Loading reference: /opt/***/project/data/reference/clean_data_ref.csv
2025-08-17 14:24:44,715 - INFO - Loading current:   /opt/***/project/data/processed/clean_data.csv
2025-08-17 14:24:56,493 - INFO - Pushed to http://pushgateway:9091: {'evidently_drift_share': 0.0, 'evidently_features_drifted_total': 0.0, 'evidently_data_drift': 0.0, 'evidently_current_rows_total': 0.0, 'evidently_missing_values_total': 0.0, 'evidently_run_duration_seconds': 11.768137646000469}
2025-08-17 14:24:56,510 - INFO - Done. Metrics: {'evidently_drift_share': 0.0, 'evidently_features_drifted_total': 0.0, 'evidently_data_drift': 0.0, 'evidently_current_rows_total': 0.0, 'evidently_missing_values_total': 0.0, 'evidently_run_duration_seconds': 11.768137646000469}
[2025-08-17T14:24:57.125+0000] {python.py:201} INFO - Done. Returned value was: None
[2025-08-17T14:24:57.137+0000] {taskinstance.py:1138} INFO - Marking task as SUCCESS. dag_id=ml_pipeline, task_id=evidently_batch, execution_date=20250817T142334, start_date=20250817T142438, end_date=20250817T142457
[2025-08-17T14:24:57.179+0000] {local_task_job_runner.py:234} INFO - Task exited with return code 0
[2025-08-17T14:24:57.221+0000] {taskinstance.py:3280} INFO - 1 downstream tasks scheduled from follow-on schedule check
