[2025-08-11T07:28:55.994+0000] {taskinstance.py:1956} INFO - Dependencies all met for dep_context=non-requeueable deps ti=<TaskInstance: train_with_dvc.dvc_pull manual__2025-08-11T07:28:55.182648+00:00 [queued]>
[2025-08-11T07:28:56.019+0000] {taskinstance.py:1956} INFO - Dependencies all met for dep_context=requeueable deps ti=<TaskInstance: train_with_dvc.dvc_pull manual__2025-08-11T07:28:55.182648+00:00 [queued]>
[2025-08-11T07:28:56.020+0000] {taskinstance.py:2170} INFO - Starting attempt 1 of 1
[2025-08-11T07:28:56.045+0000] {taskinstance.py:2191} INFO - Executing <Task(BashOperator): dvc_pull> on 2025-08-11 07:28:55.182648+00:00
[2025-08-11T07:28:56.054+0000] {standard_task_runner.py:60} INFO - Started process 1381 to run task
[2025-08-11T07:28:56.060+0000] {standard_task_runner.py:87} INFO - Running: ['***', 'tasks', 'run', 'train_with_dvc', 'dvc_pull', 'manual__2025-08-11T07:28:55.182648+00:00', '--job-id', '96', '--raw', '--subdir', 'DAGS_FOLDER/train_with_dvc.py', '--cfg-path', '/tmp/tmp5nzuftol']
[2025-08-11T07:28:56.068+0000] {standard_task_runner.py:88} INFO - Job 96: Subtask dvc_pull
[2025-08-11T07:28:56.176+0000] {task_command.py:423} INFO - Running <TaskInstance: train_with_dvc.dvc_pull manual__2025-08-11T07:28:55.182648+00:00 [running]> on host bd0e889be214
[2025-08-11T07:28:56.284+0000] {taskinstance.py:2480} INFO - Exporting env vars: AIRFLOW_CTX_DAG_OWNER='***' AIRFLOW_CTX_DAG_ID='train_with_dvc' AIRFLOW_CTX_TASK_ID='dvc_pull' AIRFLOW_CTX_EXECUTION_DATE='2025-08-11T07:28:55.182648+00:00' AIRFLOW_CTX_TRY_NUMBER='1' AIRFLOW_CTX_DAG_RUN_ID='manual__2025-08-11T07:28:55.182648+00:00'
[2025-08-11T07:28:56.285+0000] {subprocess.py:63} INFO - Tmp dir root location: /tmp
[2025-08-11T07:28:56.287+0000] {subprocess.py:75} INFO - Running command: ['/usr/bin/bash', '-c', 'cd /opt/***/project && dvc pull -f']
[2025-08-11T07:28:56.302+0000] {subprocess.py:86} INFO - Output:
[2025-08-11T07:29:03.290+0000] {subprocess.py:93} INFO - M       evaluation/scores.json
[2025-08-11T07:29:03.291+0000] {subprocess.py:93} INFO - M       models/xgb_model.pkl
[2025-08-11T07:29:03.292+0000] {subprocess.py:93} INFO - M       data/raw/ingested_data.csv
[2025-08-11T07:29:03.292+0000] {subprocess.py:93} INFO - M       data/processed/clean_data.csv
[2025-08-11T07:29:03.301+0000] {subprocess.py:93} INFO - 4 files modified
[2025-08-11T07:29:04.326+0000] {subprocess.py:97} INFO - Command exited with return code 0
[2025-08-11T07:29:04.479+0000] {taskinstance.py:1138} INFO - Marking task as SUCCESS. dag_id=train_with_dvc, task_id=dvc_pull, execution_date=20250811T072855, start_date=20250811T072855, end_date=20250811T072904
[2025-08-11T07:29:04.582+0000] {local_task_job_runner.py:234} INFO - Task exited with return code 0
[2025-08-11T07:29:04.666+0000] {taskinstance.py:3280} INFO - 1 downstream tasks scheduled from follow-on schedule check
