[2025-09-02T10:46:05.314+0000] {taskinstance.py:1956} INFO - Dependencies all met for dep_context=non-requeueable deps ti=<TaskInstance: ml_pipeline.evidently_batch manual__2025-09-02T10:44:42.577766+00:00 [queued]>
[2025-09-02T10:46:05.327+0000] {taskinstance.py:1956} INFO - Dependencies all met for dep_context=requeueable deps ti=<TaskInstance: ml_pipeline.evidently_batch manual__2025-09-02T10:44:42.577766+00:00 [queued]>
[2025-09-02T10:46:05.328+0000] {taskinstance.py:2170} INFO - Starting attempt 1 of 2
[2025-09-02T10:46:05.348+0000] {taskinstance.py:2191} INFO - Executing <Task(PythonOperator): evidently_batch> on 2025-09-02 10:44:42.577766+00:00
[2025-09-02T10:46:05.356+0000] {standard_task_runner.py:60} INFO - Started process 935 to run task
[2025-09-02T10:46:05.360+0000] {standard_task_runner.py:87} INFO - Running: ['***', 'tasks', 'run', 'ml_pipeline', 'evidently_batch', 'manual__2025-09-02T10:44:42.577766+00:00', '--job-id', '203', '--raw', '--subdir', 'DAGS_FOLDER/ml_pipeline.py', '--cfg-path', '/tmp/tmpwrlyg6sb']
[2025-09-02T10:46:05.363+0000] {standard_task_runner.py:88} INFO - Job 203: Subtask evidently_batch
[2025-09-02T10:46:05.451+0000] {task_command.py:423} INFO - Running <TaskInstance: ml_pipeline.evidently_batch manual__2025-09-02T10:44:42.577766+00:00 [running]> on host c15796541fb2
[2025-09-02T10:46:05.568+0000] {taskinstance.py:2480} INFO - Exporting env vars: AIRFLOW_CTX_DAG_OWNER='sarah' AIRFLOW_CTX_DAG_ID='ml_pipeline' AIRFLOW_CTX_TASK_ID='evidently_batch' AIRFLOW_CTX_EXECUTION_DATE='2025-09-02T10:44:42.577766+00:00' AIRFLOW_CTX_TRY_NUMBER='1' AIRFLOW_CTX_DAG_RUN_ID='manual__2025-09-02T10:44:42.577766+00:00'
[2025-09-02T10:46:27.798+0000] {logging_mixin.py:188} INFO - STDOUT:
[2025-09-02T10:46:27.799+0000] {logging_mixin.py:188} INFO -  
[2025-09-02T10:46:27.799+0000] {logging_mixin.py:188} INFO - STDERR:
[2025-09-02T10:46:27.800+0000] {logging_mixin.py:188} INFO -  2025-09-02 10:46:11,097 - INFO - Loading reference: /opt/***/project/data/reference/clean_data_ref.csv
2025-09-02 10:46:11,097 - INFO - Loading current:   /opt/***/project/data/processed/clean_data.csv
2025-09-02 10:46:26,872 - INFO - Pushed to http://pushgateway:9091: {'evidently_drift_share': 0.0, 'evidently_features_drifted_total': 0.0, 'evidently_data_drift': 0.0, 'evidently_current_rows_total': 0.0, 'evidently_missing_values_total': 0.0, 'evidently_run_duration_seconds': 15.758598259000337}
2025-09-02 10:46:26,915 - INFO - Done. Metrics: {'evidently_drift_share': 0.0, 'evidently_features_drifted_total': 0.0, 'evidently_data_drift': 0.0, 'evidently_current_rows_total': 0.0, 'evidently_missing_values_total': 0.0, 'evidently_run_duration_seconds': 15.758598259000337}
[2025-09-02T10:46:27.802+0000] {python.py:201} INFO - Done. Returned value was: None
[2025-09-02T10:46:27.817+0000] {taskinstance.py:1138} INFO - Marking task as SUCCESS. dag_id=ml_pipeline, task_id=evidently_batch, execution_date=20250902T104442, start_date=20250902T104605, end_date=20250902T104627
[2025-09-02T10:46:27.854+0000] {local_task_job_runner.py:234} INFO - Task exited with return code 0
[2025-09-02T10:46:27.885+0000] {taskinstance.py:3280} INFO - 1 downstream tasks scheduled from follow-on schedule check
