[2025-08-26T09:00:32.938+0000] {taskinstance.py:1956} INFO - Dependencies all met for dep_context=non-requeueable deps ti=<TaskInstance: ml_pipeline.data_preprocessing manual__2025-08-26T09:00:21.277583+00:00 [queued]>
[2025-08-26T09:00:32.963+0000] {taskinstance.py:1956} INFO - Dependencies all met for dep_context=requeueable deps ti=<TaskInstance: ml_pipeline.data_preprocessing manual__2025-08-26T09:00:21.277583+00:00 [queued]>
[2025-08-26T09:00:32.969+0000] {taskinstance.py:2170} INFO - Starting attempt 1 of 2
[2025-08-26T09:00:33.039+0000] {taskinstance.py:2191} INFO - Executing <Task(PythonOperator): data_preprocessing> on 2025-08-26 09:00:21.277583+00:00
[2025-08-26T09:00:33.051+0000] {standard_task_runner.py:60} INFO - Started process 215 to run task
[2025-08-26T09:00:33.064+0000] {standard_task_runner.py:87} INFO - Running: ['***', 'tasks', 'run', 'ml_pipeline', 'data_preprocessing', 'manual__2025-08-26T09:00:21.277583+00:00', '--job-id', '178', '--raw', '--subdir', 'DAGS_FOLDER/ml_pipeline.py', '--cfg-path', '/tmp/tmppqrixjt_']
[2025-08-26T09:00:33.070+0000] {standard_task_runner.py:88} INFO - Job 178: Subtask data_preprocessing
[2025-08-26T09:00:33.234+0000] {task_command.py:423} INFO - Running <TaskInstance: ml_pipeline.data_preprocessing manual__2025-08-26T09:00:21.277583+00:00 [running]> on host 1729dc9a5378
[2025-08-26T09:00:33.482+0000] {taskinstance.py:2480} INFO - Exporting env vars: AIRFLOW_CTX_DAG_OWNER='sarah' AIRFLOW_CTX_DAG_ID='ml_pipeline' AIRFLOW_CTX_TASK_ID='data_preprocessing' AIRFLOW_CTX_EXECUTION_DATE='2025-08-26T09:00:21.277583+00:00' AIRFLOW_CTX_TRY_NUMBER='1' AIRFLOW_CTX_DAG_RUN_ID='manual__2025-08-26T09:00:21.277583+00:00'
[2025-08-26T09:00:39.097+0000] {logging_mixin.py:188} INFO - STDOUT:
[2025-08-26T09:00:39.098+0000] {logging_mixin.py:188} INFO -  
[2025-08-26T09:00:39.098+0000] {logging_mixin.py:188} INFO - STDERR:
[2025-08-26T09:00:39.099+0000] {logging_mixin.py:188} INFO -  2025-08-26 09:00:35,100 - preprocessing.utils.common - INFO - YAML chargé : /opt/***/project/config/config.yaml
2025-08-26 09:00:35,107 - preprocessing.utils.common - INFO - YAML chargé : /opt/***/project/config/params.yaml
2025-08-26 09:00:35,109 - preprocessing.utils.common - INFO - Répertoire créé ou existant : /opt/***/project/data/processed
2025-08-26 09:00:35,109 - preprocessing.utils.common - INFO - Répertoire créé ou existant : /opt/***/project/data/processed
2025-08-26 09:00:35,668 - __main__ - INFO - Charged raw data: /opt/***/project/data/raw/ingested_data.csv (shape=(108060, 20))
2025-08-26 09:00:35,849 - __main__ - INFO - Columns kept: ['SKU', 'PrixInitial', 'Prix', 'Timestamp', 'AgeProduitEnJours', 'QuantiteVendue', 'UtiliteProduit', 'ElasticitePrix', 'Remise', 'Qualite', 'Mois_sin', 'Mois_cos', 'Heure_sin', 'Heure_cos'] (rows=108060)
2025-08-26 09:00:38,922 - preprocessing.repository.repository - INFO - Persistance CSV nettoyé → /opt/***/project/data/processed/clean_data.csv
2025-08-26 09:00:38,922 - __main__ - INFO - Saved cleaned data to: /opt/***/project/data/processed/clean_data.csv
2025-08-26 09:00:38,938 - __main__ - INFO - Pushed metrics to Pushgateway (http://pushgateway:9091) status=1 duration_s=3.832 rows=108060
[2025-08-26T09:00:39.100+0000] {python.py:201} INFO - Done. Returned value was: None
[2025-08-26T09:00:39.113+0000] {taskinstance.py:1138} INFO - Marking task as SUCCESS. dag_id=ml_pipeline, task_id=data_preprocessing, execution_date=20250826T090021, start_date=20250826T090032, end_date=20250826T090039
[2025-08-26T09:00:39.169+0000] {local_task_job_runner.py:234} INFO - Task exited with return code 0
[2025-08-26T09:00:39.200+0000] {taskinstance.py:3280} INFO - 1 downstream tasks scheduled from follow-on schedule check
