[2025-08-26T11:37:29.316+0000] {taskinstance.py:1956} INFO - Dependencies all met for dep_context=non-requeueable deps ti=<TaskInstance: ml_pipeline.data_ingestion manual__2025-08-26T11:37:28.417495+00:00 [queued]>
[2025-08-26T11:37:29.342+0000] {taskinstance.py:1956} INFO - Dependencies all met for dep_context=requeueable deps ti=<TaskInstance: ml_pipeline.data_ingestion manual__2025-08-26T11:37:28.417495+00:00 [queued]>
[2025-08-26T11:37:29.344+0000] {taskinstance.py:2170} INFO - Starting attempt 1 of 2
[2025-08-26T11:37:29.380+0000] {taskinstance.py:2191} INFO - Executing <Task(PythonOperator): data_ingestion> on 2025-08-26 11:37:28.417495+00:00
[2025-08-26T11:37:29.391+0000] {standard_task_runner.py:60} INFO - Started process 174 to run task
[2025-08-26T11:37:29.397+0000] {standard_task_runner.py:87} INFO - Running: ['***', 'tasks', 'run', 'ml_pipeline', 'data_ingestion', 'manual__2025-08-26T11:37:28.417495+00:00', '--job-id', '184', '--raw', '--subdir', 'DAGS_FOLDER/ml_pipeline.py', '--cfg-path', '/tmp/tmp67o_lw5h']
[2025-08-26T11:37:29.401+0000] {standard_task_runner.py:88} INFO - Job 184: Subtask data_ingestion
[2025-08-26T11:37:29.494+0000] {task_command.py:423} INFO - Running <TaskInstance: ml_pipeline.data_ingestion manual__2025-08-26T11:37:28.417495+00:00 [running]> on host dd913aed864d
[2025-08-26T11:37:29.633+0000] {taskinstance.py:2480} INFO - Exporting env vars: AIRFLOW_CTX_DAG_OWNER='sarah' AIRFLOW_CTX_DAG_ID='ml_pipeline' AIRFLOW_CTX_TASK_ID='data_ingestion' AIRFLOW_CTX_EXECUTION_DATE='2025-08-26T11:37:28.417495+00:00' AIRFLOW_CTX_TRY_NUMBER='1' AIRFLOW_CTX_DAG_RUN_ID='manual__2025-08-26T11:37:28.417495+00:00'
[2025-08-26T11:37:37.912+0000] {logging_mixin.py:188} INFO - STDOUT:
[2025-08-26T11:37:37.913+0000] {logging_mixin.py:188} INFO -  
[2025-08-26T11:37:37.913+0000] {logging_mixin.py:188} INFO - STDERR:
[2025-08-26T11:37:37.914+0000] {logging_mixin.py:188} INFO -  2025-08-26 11:37:32,204 - ingestion.utils.common - INFO - YAML chargé : /opt/***/project/config/config.yaml
2025-08-26 11:37:32,215 - ingestion.utils.common - INFO - YAML chargé : /opt/***/project/config/params.yaml
2025-08-26 11:37:32,217 - ingestion.utils.common - INFO - Répertoire créé ou existant : data
2025-08-26 11:37:32,218 - ingestion.utils.common - INFO - Répertoire créé ou existant : data/raw
2025-08-26 11:37:32,967 - __main__ - INFO - CSV lu localement : data/ingestion/donnees_synthetiques.csv
2025-08-26 11:37:32,969 - __main__ - INFO - Validation du schéma réussie.
2025-08-26 11:37:36,888 - ingestion.repository.repository - INFO - Persistance CSV effectuée → data/raw/ingested_data.csv
2025-08-26 11:37:37,749 - __main__ - INFO - Fichier ingéré (CSV) sauvegardé : data/raw/ingested_data.csv (MD5=45b08e97bd4999fecedda7b95bca5564)
2025-08-26 11:37:37,756 - __main__ - INFO - Pushed metrics to Pushgateway (http://pushgateway:9091) status=1 duration_s=5.555 rows=108060 out_bytes=25352322
[2025-08-26T11:37:37.914+0000] {python.py:201} INFO - Done. Returned value was: None
[2025-08-26T11:37:37.926+0000] {taskinstance.py:1138} INFO - Marking task as SUCCESS. dag_id=ml_pipeline, task_id=data_ingestion, execution_date=20250826T113728, start_date=20250826T113729, end_date=20250826T113737
[2025-08-26T11:37:37.965+0000] {local_task_job_runner.py:234} INFO - Task exited with return code 0
[2025-08-26T11:37:38.000+0000] {taskinstance.py:3280} INFO - 1 downstream tasks scheduled from follow-on schedule check
