[2025-09-02T10:44:54.339+0000] {taskinstance.py:1956} INFO - Dependencies all met for dep_context=non-requeueable deps ti=<TaskInstance: ml_pipeline.data_preprocessing manual__2025-09-02T10:44:42.577766+00:00 [queued]>
[2025-09-02T10:44:54.356+0000] {taskinstance.py:1956} INFO - Dependencies all met for dep_context=requeueable deps ti=<TaskInstance: ml_pipeline.data_preprocessing manual__2025-09-02T10:44:42.577766+00:00 [queued]>
[2025-09-02T10:44:54.357+0000] {taskinstance.py:2170} INFO - Starting attempt 1 of 2
[2025-09-02T10:44:54.379+0000] {taskinstance.py:2191} INFO - Executing <Task(PythonOperator): data_preprocessing> on 2025-09-02 10:44:42.577766+00:00
[2025-09-02T10:44:54.387+0000] {standard_task_runner.py:60} INFO - Started process 801 to run task
[2025-09-02T10:44:54.392+0000] {standard_task_runner.py:87} INFO - Running: ['***', 'tasks', 'run', 'ml_pipeline', 'data_preprocessing', 'manual__2025-09-02T10:44:42.577766+00:00', '--job-id', '200', '--raw', '--subdir', 'DAGS_FOLDER/ml_pipeline.py', '--cfg-path', '/tmp/tmptaphkc0a']
[2025-09-02T10:44:54.396+0000] {standard_task_runner.py:88} INFO - Job 200: Subtask data_preprocessing
[2025-09-02T10:44:54.506+0000] {task_command.py:423} INFO - Running <TaskInstance: ml_pipeline.data_preprocessing manual__2025-09-02T10:44:42.577766+00:00 [running]> on host c15796541fb2
[2025-09-02T10:44:54.666+0000] {taskinstance.py:2480} INFO - Exporting env vars: AIRFLOW_CTX_DAG_OWNER='sarah' AIRFLOW_CTX_DAG_ID='ml_pipeline' AIRFLOW_CTX_TASK_ID='data_preprocessing' AIRFLOW_CTX_EXECUTION_DATE='2025-09-02T10:44:42.577766+00:00' AIRFLOW_CTX_TRY_NUMBER='1' AIRFLOW_CTX_DAG_RUN_ID='manual__2025-09-02T10:44:42.577766+00:00'
[2025-09-02T10:45:01.170+0000] {logging_mixin.py:188} INFO - STDOUT:
[2025-09-02T10:45:01.171+0000] {logging_mixin.py:188} INFO -  
[2025-09-02T10:45:01.172+0000] {logging_mixin.py:188} INFO - STDERR:
[2025-09-02T10:45:01.173+0000] {logging_mixin.py:188} INFO -  2025-09-02 10:44:56,328 - preprocessing.utils.common - INFO - YAML chargé : /opt/***/project/config/config.yaml
2025-09-02 10:44:56,337 - preprocessing.utils.common - INFO - YAML chargé : /opt/***/project/config/params.yaml
2025-09-02 10:44:56,339 - preprocessing.utils.common - INFO - Répertoire créé ou existant : /opt/***/project/data/processed
2025-09-02 10:44:56,339 - preprocessing.utils.common - INFO - Répertoire créé ou existant : /opt/***/project/data/processed
2025-09-02 10:44:57,114 - __main__ - INFO - Charged raw data: /opt/***/project/data/raw/ingested_data.csv (shape=(108060, 20))
2025-09-02 10:44:57,254 - __main__ - INFO - Columns kept: ['SKU', 'PrixInitial', 'Prix', 'Timestamp', 'AgeProduitEnJours', 'QuantiteVendue', 'UtiliteProduit', 'ElasticitePrix', 'Remise', 'Qualite', 'Mois_sin', 'Mois_cos', 'Heure_sin', 'Heure_cos'] (rows=108060)
2025-09-02 10:45:01,010 - preprocessing.repository.repository - INFO - Persistance CSV nettoyé → /opt/***/project/data/processed/clean_data.csv
2025-09-02 10:45:01,011 - __main__ - INFO - Saved cleaned data to: /opt/***/project/data/processed/clean_data.csv
2025-09-02 10:45:01,020 - __main__ - INFO - Pushed metrics to Pushgateway (http://pushgateway:9091) status=1 duration_s=4.697 rows=108060
[2025-09-02T10:45:01.174+0000] {python.py:201} INFO - Done. Returned value was: None
[2025-09-02T10:45:01.189+0000] {taskinstance.py:1138} INFO - Marking task as SUCCESS. dag_id=ml_pipeline, task_id=data_preprocessing, execution_date=20250902T104442, start_date=20250902T104454, end_date=20250902T104501
[2025-09-02T10:45:01.246+0000] {local_task_job_runner.py:234} INFO - Task exited with return code 0
[2025-09-02T10:45:01.286+0000] {taskinstance.py:3280} INFO - 1 downstream tasks scheduled from follow-on schedule check
