[2025-06-23T16:48:49.266+0000] {taskinstance.py:1956} INFO - Dependencies all met for dep_context=non-requeueable deps ti=<TaskInstance: ml_pipeline.model_training manual__2025-06-23T16:48:38.120769+00:00 [queued]>
[2025-06-23T16:48:49.276+0000] {taskinstance.py:1956} INFO - Dependencies all met for dep_context=requeueable deps ti=<TaskInstance: ml_pipeline.model_training manual__2025-06-23T16:48:38.120769+00:00 [queued]>
[2025-06-23T16:48:49.277+0000] {taskinstance.py:2170} INFO - Starting attempt 1 of 2
[2025-06-23T16:48:49.293+0000] {taskinstance.py:2191} INFO - Executing <Task(PythonOperator): model_training> on 2025-06-23 16:48:38.120769+00:00
[2025-06-23T16:48:49.298+0000] {standard_task_runner.py:60} INFO - Started process 219 to run task
[2025-06-23T16:48:49.301+0000] {standard_task_runner.py:87} INFO - Running: ['***', 'tasks', 'run', 'ml_pipeline', 'model_training', 'manual__2025-06-23T16:48:38.120769+00:00', '--job-id', '25', '--raw', '--subdir', 'DAGS_FOLDER/ml_pipeline.py', '--cfg-path', '/tmp/tmp4gdjcrpk']
[2025-06-23T16:48:49.303+0000] {standard_task_runner.py:88} INFO - Job 25: Subtask model_training
[2025-06-23T16:48:49.350+0000] {task_command.py:423} INFO - Running <TaskInstance: ml_pipeline.model_training manual__2025-06-23T16:48:38.120769+00:00 [running]> on host d3c24cc94902
[2025-06-23T16:48:49.411+0000] {taskinstance.py:2480} INFO - Exporting env vars: AIRFLOW_CTX_DAG_OWNER='sarah' AIRFLOW_CTX_DAG_ID='ml_pipeline' AIRFLOW_CTX_TASK_ID='model_training' AIRFLOW_CTX_EXECUTION_DATE='2025-06-23T16:48:38.120769+00:00' AIRFLOW_CTX_TRY_NUMBER='1' AIRFLOW_CTX_DAG_RUN_ID='manual__2025-06-23T16:48:38.120769+00:00'
[2025-06-23T16:48:49.923+0000] {taskinstance.py:2698} ERROR - Task failed with exception
Traceback (most recent call last):
  File "/home/airflow/.local/lib/python3.8/site-packages/airflow/models/taskinstance.py", line 433, in _execute_task
    result = execute_callable(context=context, **execute_callable_kwargs)
  File "/home/airflow/.local/lib/python3.8/site-packages/airflow/operators/python.py", line 199, in execute
    return_value = self.execute_callable()
  File "/home/airflow/.local/lib/python3.8/site-packages/airflow/operators/python.py", line 216, in execute_callable
    return self.python_callable(*self.op_args, **self.op_kwargs)
  File "/opt/airflow/dags/ml_pipeline.py", line 31, in run_training
    subprocess.run([
  File "/usr/local/lib/python3.8/subprocess.py", line 516, in run
    raise CalledProcessError(retcode, process.args,
subprocess.CalledProcessError: Command '['python', '-m', 'training.components.train', '--config', '/opt/airflow/project/config/config.yaml', '--params', '/opt/airflow/project/config/params.yaml']' returned non-zero exit status 1.
[2025-06-23T16:48:49.938+0000] {taskinstance.py:1138} INFO - Marking task as UP_FOR_RETRY. dag_id=ml_pipeline, task_id=model_training, execution_date=20250623T164838, start_date=20250623T164849, end_date=20250623T164849
[2025-06-23T16:48:49.949+0000] {standard_task_runner.py:107} ERROR - Failed to execute job 25 for task model_training (Command '['python', '-m', 'training.components.train', '--config', '/opt/airflow/project/config/config.yaml', '--params', '/opt/airflow/project/config/params.yaml']' returned non-zero exit status 1.; 219)
[2025-06-23T16:48:49.957+0000] {local_task_job_runner.py:234} INFO - Task exited with return code 1
[2025-06-23T16:48:49.975+0000] {taskinstance.py:3280} INFO - 0 downstream tasks scheduled from follow-on schedule check
