[2025-08-11T06:42:30.109+0000] {taskinstance.py:1956} INFO - Dependencies all met for dep_context=non-requeueable deps ti=<TaskInstance: train_with_dvc.dvc_pull manual__2025-08-11T06:42:28.866473+00:00 [queued]>
[2025-08-11T06:42:30.133+0000] {taskinstance.py:1956} INFO - Dependencies all met for dep_context=requeueable deps ti=<TaskInstance: train_with_dvc.dvc_pull manual__2025-08-11T06:42:28.866473+00:00 [queued]>
[2025-08-11T06:42:30.134+0000] {taskinstance.py:2170} INFO - Starting attempt 1 of 1
[2025-08-11T06:42:30.161+0000] {taskinstance.py:2191} INFO - Executing <Task(BashOperator): dvc_pull> on 2025-08-11 06:42:28.866473+00:00
[2025-08-11T06:42:30.172+0000] {standard_task_runner.py:60} INFO - Started process 185 to run task
[2025-08-11T06:42:30.177+0000] {standard_task_runner.py:87} INFO - Running: ['***', 'tasks', 'run', 'train_with_dvc', 'dvc_pull', 'manual__2025-08-11T06:42:28.866473+00:00', '--job-id', '88', '--raw', '--subdir', 'DAGS_FOLDER/train_with_dvc.py', '--cfg-path', '/tmp/tmph4q9d94d']
[2025-08-11T06:42:30.183+0000] {standard_task_runner.py:88} INFO - Job 88: Subtask dvc_pull
[2025-08-11T06:42:30.262+0000] {task_command.py:423} INFO - Running <TaskInstance: train_with_dvc.dvc_pull manual__2025-08-11T06:42:28.866473+00:00 [running]> on host bd0e889be214
[2025-08-11T06:42:30.371+0000] {taskinstance.py:2480} INFO - Exporting env vars: AIRFLOW_CTX_DAG_OWNER='***' AIRFLOW_CTX_DAG_ID='train_with_dvc' AIRFLOW_CTX_TASK_ID='dvc_pull' AIRFLOW_CTX_EXECUTION_DATE='2025-08-11T06:42:28.866473+00:00' AIRFLOW_CTX_TRY_NUMBER='1' AIRFLOW_CTX_DAG_RUN_ID='manual__2025-08-11T06:42:28.866473+00:00'
[2025-08-11T06:42:30.373+0000] {subprocess.py:63} INFO - Tmp dir root location: /tmp
[2025-08-11T06:42:30.374+0000] {subprocess.py:75} INFO - Running command: ['/usr/bin/bash', '-c', 'cd /opt/***/project && dvc pull -f']
[2025-08-11T06:42:30.388+0000] {subprocess.py:86} INFO - Output:
[2025-08-11T06:42:37.621+0000] {subprocess.py:93} INFO - M       models/xgb_model.pkl
[2025-08-11T06:42:37.622+0000] {subprocess.py:93} INFO - M       evaluation/scores.json
[2025-08-11T06:42:37.623+0000] {subprocess.py:93} INFO - M       data/processed/clean_data.csv
[2025-08-11T06:42:37.624+0000] {subprocess.py:93} INFO - M       data/raw/ingested_data.csv
[2025-08-11T06:42:37.633+0000] {subprocess.py:93} INFO - 4 files modified
[2025-08-11T06:42:38.145+0000] {subprocess.py:97} INFO - Command exited with return code 0
[2025-08-11T06:42:38.230+0000] {taskinstance.py:1138} INFO - Marking task as SUCCESS. dag_id=train_with_dvc, task_id=dvc_pull, execution_date=20250811T064228, start_date=20250811T064230, end_date=20250811T064238
[2025-08-11T06:42:38.282+0000] {local_task_job_runner.py:234} INFO - Task exited with return code 0
[2025-08-11T06:42:38.313+0000] {taskinstance.py:3280} INFO - 1 downstream tasks scheduled from follow-on schedule check
