[2025-08-26T11:37:38.389+0000] {taskinstance.py:1956} INFO - Dependencies all met for dep_context=non-requeueable deps ti=<TaskInstance: ml_pipeline.data_preprocessing manual__2025-08-26T11:37:28.417495+00:00 [queued]>
[2025-08-26T11:37:38.408+0000] {taskinstance.py:1956} INFO - Dependencies all met for dep_context=requeueable deps ti=<TaskInstance: ml_pipeline.data_preprocessing manual__2025-08-26T11:37:28.417495+00:00 [queued]>
[2025-08-26T11:37:38.409+0000] {taskinstance.py:2170} INFO - Starting attempt 1 of 2
[2025-08-26T11:37:38.431+0000] {taskinstance.py:2191} INFO - Executing <Task(PythonOperator): data_preprocessing> on 2025-08-26 11:37:28.417495+00:00
[2025-08-26T11:37:38.449+0000] {standard_task_runner.py:60} INFO - Started process 185 to run task
[2025-08-26T11:37:38.455+0000] {standard_task_runner.py:87} INFO - Running: ['***', 'tasks', 'run', 'ml_pipeline', 'data_preprocessing', 'manual__2025-08-26T11:37:28.417495+00:00', '--job-id', '185', '--raw', '--subdir', 'DAGS_FOLDER/ml_pipeline.py', '--cfg-path', '/tmp/tmpxycotn2c']
[2025-08-26T11:37:38.464+0000] {standard_task_runner.py:88} INFO - Job 185: Subtask data_preprocessing
[2025-08-26T11:37:38.588+0000] {task_command.py:423} INFO - Running <TaskInstance: ml_pipeline.data_preprocessing manual__2025-08-26T11:37:28.417495+00:00 [running]> on host dd913aed864d
[2025-08-26T11:37:38.721+0000] {taskinstance.py:2480} INFO - Exporting env vars: AIRFLOW_CTX_DAG_OWNER='sarah' AIRFLOW_CTX_DAG_ID='ml_pipeline' AIRFLOW_CTX_TASK_ID='data_preprocessing' AIRFLOW_CTX_EXECUTION_DATE='2025-08-26T11:37:28.417495+00:00' AIRFLOW_CTX_TRY_NUMBER='1' AIRFLOW_CTX_DAG_RUN_ID='manual__2025-08-26T11:37:28.417495+00:00'
[2025-08-26T11:37:44.136+0000] {logging_mixin.py:188} INFO - STDOUT:
[2025-08-26T11:37:44.137+0000] {logging_mixin.py:188} INFO -  
[2025-08-26T11:37:44.137+0000] {logging_mixin.py:188} INFO - STDERR:
[2025-08-26T11:37:44.138+0000] {logging_mixin.py:188} INFO -  2025-08-26 11:37:40,186 - preprocessing.utils.common - INFO - YAML chargé : /opt/***/project/config/config.yaml
2025-08-26 11:37:40,203 - preprocessing.utils.common - INFO - YAML chargé : /opt/***/project/config/params.yaml
2025-08-26 11:37:40,205 - preprocessing.utils.common - INFO - Répertoire créé ou existant : /opt/***/project/data/processed
2025-08-26 11:37:40,205 - preprocessing.utils.common - INFO - Répertoire créé ou existant : /opt/***/project/data/processed
2025-08-26 11:37:40,758 - __main__ - INFO - Charged raw data: /opt/***/project/data/raw/ingested_data.csv (shape=(108060, 20))
2025-08-26 11:37:40,909 - __main__ - INFO - Columns kept: ['SKU', 'PrixInitial', 'Prix', 'Timestamp', 'AgeProduitEnJours', 'QuantiteVendue', 'UtiliteProduit', 'ElasticitePrix', 'Remise', 'Qualite', 'Mois_sin', 'Mois_cos', 'Heure_sin', 'Heure_cos'] (rows=108060)
2025-08-26 11:37:44,001 - preprocessing.repository.repository - INFO - Persistance CSV nettoyé → /opt/***/project/data/processed/clean_data.csv
2025-08-26 11:37:44,002 - __main__ - INFO - Saved cleaned data to: /opt/***/project/data/processed/clean_data.csv
2025-08-26 11:37:44,010 - __main__ - INFO - Pushed metrics to Pushgateway (http://pushgateway:9091) status=1 duration_s=3.833 rows=108060
[2025-08-26T11:37:44.138+0000] {python.py:201} INFO - Done. Returned value was: None
[2025-08-26T11:37:44.149+0000] {taskinstance.py:1138} INFO - Marking task as SUCCESS. dag_id=ml_pipeline, task_id=data_preprocessing, execution_date=20250826T113728, start_date=20250826T113738, end_date=20250826T113744
[2025-08-26T11:37:44.202+0000] {local_task_job_runner.py:234} INFO - Task exited with return code 0
[2025-08-26T11:37:44.238+0000] {taskinstance.py:3280} INFO - 1 downstream tasks scheduled from follow-on schedule check
