[2025-08-14T19:22:52.048+0000] {taskinstance.py:1956} INFO - Dependencies all met for dep_context=non-requeueable deps ti=<TaskInstance: ml_pipeline.evidently_batch manual__2025-08-14T19:21:42.143301+00:00 [queued]>
[2025-08-14T19:22:52.066+0000] {taskinstance.py:1956} INFO - Dependencies all met for dep_context=requeueable deps ti=<TaskInstance: ml_pipeline.evidently_batch manual__2025-08-14T19:21:42.143301+00:00 [queued]>
[2025-08-14T19:22:52.066+0000] {taskinstance.py:2170} INFO - Starting attempt 1 of 2
[2025-08-14T19:22:52.094+0000] {taskinstance.py:2191} INFO - Executing <Task(PythonOperator): evidently_batch> on 2025-08-14 19:21:42.143301+00:00
[2025-08-14T19:22:52.102+0000] {standard_task_runner.py:60} INFO - Started process 394 to run task
[2025-08-14T19:22:52.108+0000] {standard_task_runner.py:87} INFO - Running: ['***', 'tasks', 'run', 'ml_pipeline', 'evidently_batch', 'manual__2025-08-14T19:21:42.143301+00:00', '--job-id', '103', '--raw', '--subdir', 'DAGS_FOLDER/ml_pipeline.py', '--cfg-path', '/tmp/tmpnlaqoydk']
[2025-08-14T19:22:52.112+0000] {standard_task_runner.py:88} INFO - Job 103: Subtask evidently_batch
[2025-08-14T19:22:52.202+0000] {task_command.py:423} INFO - Running <TaskInstance: ml_pipeline.evidently_batch manual__2025-08-14T19:21:42.143301+00:00 [running]> on host 90763a03ef6a
[2025-08-14T19:22:52.338+0000] {taskinstance.py:2480} INFO - Exporting env vars: AIRFLOW_CTX_DAG_OWNER='sarah' AIRFLOW_CTX_DAG_ID='ml_pipeline' AIRFLOW_CTX_TASK_ID='evidently_batch' AIRFLOW_CTX_EXECUTION_DATE='2025-08-14T19:21:42.143301+00:00' AIRFLOW_CTX_TRY_NUMBER='1' AIRFLOW_CTX_DAG_RUN_ID='manual__2025-08-14T19:21:42.143301+00:00'
[2025-08-14T19:23:12.232+0000] {logging_mixin.py:188} INFO - STDOUT:
[2025-08-14T19:23:12.233+0000] {logging_mixin.py:188} INFO -  
[2025-08-14T19:23:12.233+0000] {logging_mixin.py:188} INFO - STDERR:
[2025-08-14T19:23:12.234+0000] {logging_mixin.py:188} INFO -  2025-08-14 19:22:58,771 - INFO - Loading reference: /opt/***/project/data/reference/clean_data_ref.csv
2025-08-14 19:22:58,771 - INFO - Loading current:   /opt/***/project/data/processed/clean_data.csv
2025-08-14 19:23:11,553 - INFO - Pushed to http://pushgateway:9091: {'evidently_drift_share': 0.0, 'evidently_features_drifted_total': 0.0, 'evidently_data_drift': 0.0, 'evidently_current_rows_total': 0.0, 'evidently_missing_values_total': 0.0, 'evidently_run_duration_seconds': 12.769576899999947}
2025-08-14 19:23:11,575 - INFO - Done. Metrics: {'evidently_drift_share': 0.0, 'evidently_features_drifted_total': 0.0, 'evidently_data_drift': 0.0, 'evidently_current_rows_total': 0.0, 'evidently_missing_values_total': 0.0, 'evidently_run_duration_seconds': 12.769576899999947}
[2025-08-14T19:23:12.234+0000] {python.py:201} INFO - Done. Returned value was: None
[2025-08-14T19:23:12.246+0000] {taskinstance.py:1138} INFO - Marking task as SUCCESS. dag_id=ml_pipeline, task_id=evidently_batch, execution_date=20250814T192142, start_date=20250814T192252, end_date=20250814T192312
[2025-08-14T19:23:12.293+0000] {local_task_job_runner.py:234} INFO - Task exited with return code 0
[2025-08-14T19:23:12.317+0000] {taskinstance.py:3280} INFO - 1 downstream tasks scheduled from follow-on schedule check
