[2025-09-08T09:49:40.637+0000] {taskinstance.py:1956} INFO - Dependencies all met for dep_context=non-requeueable deps ti=<TaskInstance: ml_pipeline.evidently_batch manual__2025-09-08T09:48:39.891164+00:00 [queued]>
[2025-09-08T09:49:40.654+0000] {taskinstance.py:1956} INFO - Dependencies all met for dep_context=requeueable deps ti=<TaskInstance: ml_pipeline.evidently_batch manual__2025-09-08T09:48:39.891164+00:00 [queued]>
[2025-09-08T09:49:40.655+0000] {taskinstance.py:2170} INFO - Starting attempt 1 of 2
[2025-09-08T09:49:40.693+0000] {taskinstance.py:2191} INFO - Executing <Task(PythonOperator): evidently_batch> on 2025-09-08 09:48:39.891164+00:00
[2025-09-08T09:49:40.703+0000] {standard_task_runner.py:60} INFO - Started process 355 to run task
[2025-09-08T09:49:40.710+0000] {standard_task_runner.py:87} INFO - Running: ['***', 'tasks', 'run', 'ml_pipeline', 'evidently_batch', 'manual__2025-09-08T09:48:39.891164+00:00', '--job-id', '225', '--raw', '--subdir', 'DAGS_FOLDER/ml_pipeline.py', '--cfg-path', '/tmp/tmpu7r8f8sc']
[2025-09-08T09:49:40.714+0000] {standard_task_runner.py:88} INFO - Job 225: Subtask evidently_batch
[2025-09-08T09:49:40.876+0000] {task_command.py:423} INFO - Running <TaskInstance: ml_pipeline.evidently_batch manual__2025-09-08T09:48:39.891164+00:00 [running]> on host c1a35c3f3bc1
[2025-09-08T09:49:41.060+0000] {taskinstance.py:2480} INFO - Exporting env vars: AIRFLOW_CTX_DAG_OWNER='sarah' AIRFLOW_CTX_DAG_ID='ml_pipeline' AIRFLOW_CTX_TASK_ID='evidently_batch' AIRFLOW_CTX_EXECUTION_DATE='2025-09-08T09:48:39.891164+00:00' AIRFLOW_CTX_TRY_NUMBER='1' AIRFLOW_CTX_DAG_RUN_ID='manual__2025-09-08T09:48:39.891164+00:00'
[2025-09-08T09:50:01.085+0000] {logging_mixin.py:188} INFO - STDOUT:
[2025-09-08T09:50:01.086+0000] {logging_mixin.py:188} INFO -  
[2025-09-08T09:50:01.086+0000] {logging_mixin.py:188} INFO - STDERR:
[2025-09-08T09:50:01.087+0000] {logging_mixin.py:188} INFO -  2025-09-08 09:49:48,821 - INFO - Loading reference: /opt/***/project/data/reference/clean_data_ref.csv
2025-09-08 09:49:48,821 - INFO - Loading current:   /opt/***/project/data/processed/clean_data.csv
2025-09-08 09:50:00,356 - INFO - Pushed to http://pushgateway:9091: {'evidently_drift_share': 0.0, 'evidently_features_drifted_total': 0.0, 'evidently_data_drift': 0.0, 'evidently_current_rows_total': 0.0, 'evidently_missing_values_total': 0.0, 'evidently_run_duration_seconds': 11.53019412499998}
2025-09-08 09:50:00,372 - INFO - Done. Metrics: {'evidently_drift_share': 0.0, 'evidently_features_drifted_total': 0.0, 'evidently_data_drift': 0.0, 'evidently_current_rows_total': 0.0, 'evidently_missing_values_total': 0.0, 'evidently_run_duration_seconds': 11.53019412499998}
[2025-09-08T09:50:01.087+0000] {python.py:201} INFO - Done. Returned value was: None
[2025-09-08T09:50:01.099+0000] {taskinstance.py:1138} INFO - Marking task as SUCCESS. dag_id=ml_pipeline, task_id=evidently_batch, execution_date=20250908T094839, start_date=20250908T094940, end_date=20250908T095001
[2025-09-08T09:50:01.131+0000] {local_task_job_runner.py:234} INFO - Task exited with return code 0
[2025-09-08T09:50:01.157+0000] {taskinstance.py:3280} INFO - 1 downstream tasks scheduled from follow-on schedule check
