[2025-09-06T13:01:38.679+0000] {taskinstance.py:1956} INFO - Dependencies all met for dep_context=non-requeueable deps ti=<TaskInstance: ml_pipeline.data_ingestion manual__2025-09-06T13:01:37.308256+00:00 [queued]>
[2025-09-06T13:01:38.708+0000] {taskinstance.py:1956} INFO - Dependencies all met for dep_context=requeueable deps ti=<TaskInstance: ml_pipeline.data_ingestion manual__2025-09-06T13:01:37.308256+00:00 [queued]>
[2025-09-06T13:01:38.710+0000] {taskinstance.py:2170} INFO - Starting attempt 1 of 2
[2025-09-06T13:01:38.755+0000] {taskinstance.py:2191} INFO - Executing <Task(PythonOperator): data_ingestion> on 2025-09-06 13:01:37.308256+00:00
[2025-09-06T13:01:38.768+0000] {standard_task_runner.py:60} INFO - Started process 180 to run task
[2025-09-06T13:01:38.779+0000] {standard_task_runner.py:87} INFO - Running: ['***', 'tasks', 'run', 'ml_pipeline', 'data_ingestion', 'manual__2025-09-06T13:01:37.308256+00:00', '--job-id', '206', '--raw', '--subdir', 'DAGS_FOLDER/ml_pipeline.py', '--cfg-path', '/tmp/tmp_lsrv8go']
[2025-09-06T13:01:38.787+0000] {standard_task_runner.py:88} INFO - Job 206: Subtask data_ingestion
[2025-09-06T13:01:38.946+0000] {task_command.py:423} INFO - Running <TaskInstance: ml_pipeline.data_ingestion manual__2025-09-06T13:01:37.308256+00:00 [running]> on host c1a35c3f3bc1
[2025-09-06T13:01:39.251+0000] {taskinstance.py:2480} INFO - Exporting env vars: AIRFLOW_CTX_DAG_OWNER='sarah' AIRFLOW_CTX_DAG_ID='ml_pipeline' AIRFLOW_CTX_TASK_ID='data_ingestion' AIRFLOW_CTX_EXECUTION_DATE='2025-09-06T13:01:37.308256+00:00' AIRFLOW_CTX_TRY_NUMBER='1' AIRFLOW_CTX_DAG_RUN_ID='manual__2025-09-06T13:01:37.308256+00:00'
[2025-09-06T13:01:45.580+0000] {logging_mixin.py:188} INFO - STDOUT:
[2025-09-06T13:01:45.581+0000] {logging_mixin.py:188} INFO -  
[2025-09-06T13:01:45.581+0000] {logging_mixin.py:188} INFO - STDERR:
[2025-09-06T13:01:45.582+0000] {logging_mixin.py:188} INFO -  2025-09-06 13:01:41,537 - ingestion.utils.common - INFO - YAML chargé : /opt/***/project/config/config.yaml
2025-09-06 13:01:41,552 - ingestion.utils.common - INFO - YAML chargé : /opt/***/project/config/params.yaml
2025-09-06 13:01:41,555 - ingestion.utils.common - INFO - Répertoire créé ou existant : data
2025-09-06 13:01:41,557 - ingestion.utils.common - INFO - Répertoire créé ou existant : data/raw
2025-09-06 13:01:42,226 - __main__ - INFO - CSV lu localement : data/ingestion/donnees_synthetiques.csv
2025-09-06 13:01:42,229 - __main__ - INFO - Validation du schéma réussie.
2025-09-06 13:01:44,800 - ingestion.repository.repository - INFO - Persistance CSV effectuée → data/raw/ingested_data.csv
2025-09-06 13:01:45,440 - __main__ - INFO - Fichier ingéré (CSV) sauvegardé : data/raw/ingested_data.csv (MD5=45b08e97bd4999fecedda7b95bca5564)
2025-09-06 13:01:45,445 - __main__ - INFO - Pushed metrics to Pushgateway (http://pushgateway:9091) status=1 duration_s=3.921 rows=108060 out_bytes=25352322
[2025-09-06T13:01:45.582+0000] {python.py:201} INFO - Done. Returned value was: None
[2025-09-06T13:01:45.593+0000] {taskinstance.py:1138} INFO - Marking task as SUCCESS. dag_id=ml_pipeline, task_id=data_ingestion, execution_date=20250906T130137, start_date=20250906T130138, end_date=20250906T130145
[2025-09-06T13:01:45.643+0000] {local_task_job_runner.py:234} INFO - Task exited with return code 0
[2025-09-06T13:01:45.675+0000] {taskinstance.py:3280} INFO - 1 downstream tasks scheduled from follow-on schedule check
