[2025-09-02T10:02:36.552+0000] {taskinstance.py:1956} INFO - Dependencies all met for dep_context=non-requeueable deps ti=<TaskInstance: ml_pipeline.evidently_batch manual__2025-09-02T10:00:47.366279+00:00 [queued]>
[2025-09-02T10:02:36.571+0000] {taskinstance.py:1956} INFO - Dependencies all met for dep_context=requeueable deps ti=<TaskInstance: ml_pipeline.evidently_batch manual__2025-09-02T10:00:47.366279+00:00 [queued]>
[2025-09-02T10:02:36.572+0000] {taskinstance.py:2170} INFO - Starting attempt 1 of 2
[2025-09-02T10:02:36.640+0000] {taskinstance.py:2191} INFO - Executing <Task(PythonOperator): evidently_batch> on 2025-09-02 10:00:47.366279+00:00
[2025-09-02T10:02:36.649+0000] {standard_task_runner.py:60} INFO - Started process 350 to run task
[2025-09-02T10:02:36.656+0000] {standard_task_runner.py:87} INFO - Running: ['***', 'tasks', 'run', 'ml_pipeline', 'evidently_batch', 'manual__2025-09-02T10:00:47.366279+00:00', '--job-id', '197', '--raw', '--subdir', 'DAGS_FOLDER/ml_pipeline.py', '--cfg-path', '/tmp/tmphbmpqimf']
[2025-09-02T10:02:36.661+0000] {standard_task_runner.py:88} INFO - Job 197: Subtask evidently_batch
[2025-09-02T10:02:36.777+0000] {task_command.py:423} INFO - Running <TaskInstance: ml_pipeline.evidently_batch manual__2025-09-02T10:00:47.366279+00:00 [running]> on host c15796541fb2
[2025-09-02T10:02:36.904+0000] {taskinstance.py:2480} INFO - Exporting env vars: AIRFLOW_CTX_DAG_OWNER='sarah' AIRFLOW_CTX_DAG_ID='ml_pipeline' AIRFLOW_CTX_TASK_ID='evidently_batch' AIRFLOW_CTX_EXECUTION_DATE='2025-09-02T10:00:47.366279+00:00' AIRFLOW_CTX_TRY_NUMBER='1' AIRFLOW_CTX_DAG_RUN_ID='manual__2025-09-02T10:00:47.366279+00:00'
[2025-09-02T10:03:01.978+0000] {logging_mixin.py:188} INFO - STDOUT:
[2025-09-02T10:03:01.979+0000] {logging_mixin.py:188} INFO -  
[2025-09-02T10:03:01.980+0000] {logging_mixin.py:188} INFO - STDERR:
[2025-09-02T10:03:01.982+0000] {logging_mixin.py:188} INFO -  2025-09-02 10:02:44,971 - INFO - Loading reference: /opt/***/project/data/reference/clean_data_ref.csv
2025-09-02 10:02:44,972 - INFO - Loading current:   /opt/***/project/data/processed/clean_data.csv
2025-09-02 10:03:00,997 - INFO - Pushed to http://pushgateway:9091: {'evidently_drift_share': 0.0, 'evidently_features_drifted_total': 0.0, 'evidently_data_drift': 0.0, 'evidently_current_rows_total': 0.0, 'evidently_missing_values_total': 0.0, 'evidently_run_duration_seconds': 16.01600850599999}
2025-09-02 10:03:01,025 - INFO - Done. Metrics: {'evidently_drift_share': 0.0, 'evidently_features_drifted_total': 0.0, 'evidently_data_drift': 0.0, 'evidently_current_rows_total': 0.0, 'evidently_missing_values_total': 0.0, 'evidently_run_duration_seconds': 16.01600850599999}
[2025-09-02T10:03:01.984+0000] {python.py:201} INFO - Done. Returned value was: None
[2025-09-02T10:03:02.004+0000] {taskinstance.py:1138} INFO - Marking task as SUCCESS. dag_id=ml_pipeline, task_id=evidently_batch, execution_date=20250902T100047, start_date=20250902T100236, end_date=20250902T100302
[2025-09-02T10:03:02.056+0000] {local_task_job_runner.py:234} INFO - Task exited with return code 0
[2025-09-02T10:03:02.088+0000] {taskinstance.py:3280} INFO - 1 downstream tasks scheduled from follow-on schedule check
