[2025-08-10T15:20:30.635+0000] {taskinstance.py:1956} INFO - Dependencies all met for dep_context=non-requeueable deps ti=<TaskInstance: train_with_dvc.dvc_pull manual__2025-08-10T15:20:29.770440+00:00 [queued]>
[2025-08-10T15:20:30.679+0000] {taskinstance.py:1956} INFO - Dependencies all met for dep_context=requeueable deps ti=<TaskInstance: train_with_dvc.dvc_pull manual__2025-08-10T15:20:29.770440+00:00 [queued]>
[2025-08-10T15:20:30.680+0000] {taskinstance.py:2170} INFO - Starting attempt 1 of 1
[2025-08-10T15:20:30.724+0000] {taskinstance.py:2191} INFO - Executing <Task(BashOperator): dvc_pull> on 2025-08-10 15:20:29.770440+00:00
[2025-08-10T15:20:30.736+0000] {standard_task_runner.py:60} INFO - Started process 205 to run task
[2025-08-10T15:20:30.744+0000] {standard_task_runner.py:87} INFO - Running: ['***', 'tasks', 'run', 'train_with_dvc', 'dvc_pull', 'manual__2025-08-10T15:20:29.770440+00:00', '--job-id', '82', '--raw', '--subdir', 'DAGS_FOLDER/train_with_dvc.py', '--cfg-path', '/tmp/tmplegywxkb']
[2025-08-10T15:20:30.751+0000] {standard_task_runner.py:88} INFO - Job 82: Subtask dvc_pull
[2025-08-10T15:20:30.843+0000] {task_command.py:423} INFO - Running <TaskInstance: train_with_dvc.dvc_pull manual__2025-08-10T15:20:29.770440+00:00 [running]> on host 620e18b1de0e
[2025-08-10T15:20:30.982+0000] {taskinstance.py:2480} INFO - Exporting env vars: AIRFLOW_CTX_DAG_OWNER='***' AIRFLOW_CTX_DAG_ID='train_with_dvc' AIRFLOW_CTX_TASK_ID='dvc_pull' AIRFLOW_CTX_EXECUTION_DATE='2025-08-10T15:20:29.770440+00:00' AIRFLOW_CTX_TRY_NUMBER='1' AIRFLOW_CTX_DAG_RUN_ID='manual__2025-08-10T15:20:29.770440+00:00'
[2025-08-10T15:20:30.984+0000] {subprocess.py:63} INFO - Tmp dir root location: /tmp
[2025-08-10T15:20:30.985+0000] {subprocess.py:75} INFO - Running command: ['/usr/bin/bash', '-c', 'cd /opt/***/project && dvc pull']
[2025-08-10T15:20:31.005+0000] {subprocess.py:86} INFO - Output:
[2025-08-10T15:20:37.079+0000] {subprocess.py:93} INFO - M       evaluation/scores.json
[2025-08-10T15:20:37.080+0000] {subprocess.py:93} INFO - M       models/xgb_model.pkl
[2025-08-10T15:20:37.080+0000] {subprocess.py:93} INFO - M       data/processed/clean_data.csv
[2025-08-10T15:20:37.081+0000] {subprocess.py:93} INFO - M       data/raw/ingested_data.csv
[2025-08-10T15:20:37.090+0000] {subprocess.py:93} INFO - 4 files modified
[2025-08-10T15:20:37.487+0000] {subprocess.py:97} INFO - Command exited with return code 0
[2025-08-10T15:20:37.527+0000] {taskinstance.py:1138} INFO - Marking task as SUCCESS. dag_id=train_with_dvc, task_id=dvc_pull, execution_date=20250810T152029, start_date=20250810T152030, end_date=20250810T152037
[2025-08-10T15:20:37.585+0000] {local_task_job_runner.py:234} INFO - Task exited with return code 0
[2025-08-10T15:20:37.613+0000] {taskinstance.py:3280} INFO - 1 downstream tasks scheduled from follow-on schedule check
