[2025-09-08T09:48:48.998+0000] {taskinstance.py:1956} INFO - Dependencies all met for dep_context=non-requeueable deps ti=<TaskInstance: ml_pipeline.data_preprocessing manual__2025-09-08T09:48:39.891164+00:00 [queued]>
[2025-09-08T09:48:49.015+0000] {taskinstance.py:1956} INFO - Dependencies all met for dep_context=requeueable deps ti=<TaskInstance: ml_pipeline.data_preprocessing manual__2025-09-08T09:48:39.891164+00:00 [queued]>
[2025-09-08T09:48:49.016+0000] {taskinstance.py:2170} INFO - Starting attempt 1 of 2
[2025-09-08T09:48:49.048+0000] {taskinstance.py:2191} INFO - Executing <Task(PythonOperator): data_preprocessing> on 2025-09-08 09:48:39.891164+00:00
[2025-09-08T09:48:49.056+0000] {standard_task_runner.py:60} INFO - Started process 221 to run task
[2025-09-08T09:48:49.063+0000] {standard_task_runner.py:87} INFO - Running: ['***', 'tasks', 'run', 'ml_pipeline', 'data_preprocessing', 'manual__2025-09-08T09:48:39.891164+00:00', '--job-id', '222', '--raw', '--subdir', 'DAGS_FOLDER/ml_pipeline.py', '--cfg-path', '/tmp/tmpx97ov5o7']
[2025-09-08T09:48:49.067+0000] {standard_task_runner.py:88} INFO - Job 222: Subtask data_preprocessing
[2025-09-08T09:48:49.158+0000] {task_command.py:423} INFO - Running <TaskInstance: ml_pipeline.data_preprocessing manual__2025-09-08T09:48:39.891164+00:00 [running]> on host c1a35c3f3bc1
[2025-09-08T09:48:49.329+0000] {taskinstance.py:2480} INFO - Exporting env vars: AIRFLOW_CTX_DAG_OWNER='sarah' AIRFLOW_CTX_DAG_ID='ml_pipeline' AIRFLOW_CTX_TASK_ID='data_preprocessing' AIRFLOW_CTX_EXECUTION_DATE='2025-09-08T09:48:39.891164+00:00' AIRFLOW_CTX_TRY_NUMBER='1' AIRFLOW_CTX_DAG_RUN_ID='manual__2025-09-08T09:48:39.891164+00:00'
[2025-09-08T09:48:54.518+0000] {logging_mixin.py:188} INFO - STDOUT:
[2025-09-08T09:48:54.519+0000] {logging_mixin.py:188} INFO -  
[2025-09-08T09:48:54.520+0000] {logging_mixin.py:188} INFO - STDERR:
[2025-09-08T09:48:54.521+0000] {logging_mixin.py:188} INFO -  2025-09-08 09:48:50,939 - preprocessing.utils.common - INFO - YAML chargé : /opt/***/project/config/config.yaml
2025-09-08 09:48:50,948 - preprocessing.utils.common - INFO - YAML chargé : /opt/***/project/config/params.yaml
2025-09-08 09:48:50,950 - preprocessing.utils.common - INFO - Répertoire créé ou existant : /opt/***/project/data/processed
2025-09-08 09:48:50,950 - preprocessing.utils.common - INFO - Répertoire créé ou existant : /opt/***/project/data/processed
2025-09-08 09:48:51,526 - __main__ - INFO - Charged raw data: /opt/***/project/data/raw/ingested_data.csv (shape=(108060, 20))
2025-09-08 09:48:51,652 - __main__ - INFO - Columns kept: ['SKU', 'PrixInitial', 'Prix', 'Timestamp', 'AgeProduitEnJours', 'QuantiteVendue', 'UtiliteProduit', 'ElasticitePrix', 'Remise', 'Qualite', 'Mois_sin', 'Mois_cos', 'Heure_sin', 'Heure_cos'] (rows=108060)
2025-09-08 09:48:54,367 - preprocessing.repository.repository - INFO - Persistance CSV nettoyé → /opt/***/project/data/processed/clean_data.csv
2025-09-08 09:48:54,367 - __main__ - INFO - Saved cleaned data to: /opt/***/project/data/processed/clean_data.csv
2025-09-08 09:48:54,376 - __main__ - INFO - Pushed metrics to Pushgateway (http://pushgateway:9091) status=1 duration_s=3.441 rows=108060
[2025-09-08T09:48:54.522+0000] {python.py:201} INFO - Done. Returned value was: None
[2025-09-08T09:48:54.534+0000] {taskinstance.py:1138} INFO - Marking task as SUCCESS. dag_id=ml_pipeline, task_id=data_preprocessing, execution_date=20250908T094839, start_date=20250908T094848, end_date=20250908T094854
[2025-09-08T09:48:54.585+0000] {local_task_job_runner.py:234} INFO - Task exited with return code 0
[2025-09-08T09:48:54.617+0000] {taskinstance.py:3280} INFO - 1 downstream tasks scheduled from follow-on schedule check
